TN:
SF:src\config\environment.js
FN:11,(anonymous_0)
FN:31,(anonymous_1)
FN:39,(anonymous_2)
FN:47,(anonymous_3)
FN:49,(anonymous_4)
FNF:5
FNH:1
FNDA:1,(anonymous_0)
FNDA:0,(anonymous_1)
FNDA:0,(anonymous_2)
FNDA:0,(anonymous_3)
FNDA:0,(anonymous_4)
DA:5,1
DA:8,1
DA:12,1
DA:13,1
DA:14,1
DA:15,1
DA:16,1
DA:17,1
DA:20,1
DA:32,0
DA:40,0
DA:48,0
DA:49,0
DA:54,1
LF:14
LH:10
BRDA:12,0,0,1
BRDA:12,0,1,1
BRDA:13,1,0,1
BRDA:13,1,1,1
BRDA:14,2,0,1
BRDA:14,2,1,1
BRDA:16,3,0,1
BRDA:16,3,1,1
BRDA:17,4,0,1
BRDA:17,4,1,1
BRF:10
BRH:10
end_of_record
TN:
SF:src\models\loginBuilder.js
FN:8,(anonymous_0)
FN:12,(anonymous_1)
FN:18,(anonymous_2)
FN:23,(anonymous_3)
FN:28,(anonymous_4)
FN:34,(anonymous_5)
FN:40,(anonymous_6)
FN:46,(anonymous_7)
FN:52,(anonymous_8)
FN:58,(anonymous_9)
FN:64,(anonymous_10)
FN:68,(anonymous_11)
FN:73,(anonymous_12)
FN:80,(anonymous_13)
FNF:14
FNH:0
FNDA:0,(anonymous_0)
FNDA:0,(anonymous_1)
FNDA:0,(anonymous_2)
FNDA:0,(anonymous_3)
FNDA:0,(anonymous_4)
FNDA:0,(anonymous_5)
FNDA:0,(anonymous_6)
FNDA:0,(anonymous_7)
FNDA:0,(anonymous_8)
FNDA:0,(anonymous_9)
FNDA:0,(anonymous_10)
FNDA:0,(anonymous_11)
FNDA:0,(anonymous_12)
FNDA:0,(anonymous_13)
DA:5,1
DA:9,0
DA:13,0
DA:14,0
DA:15,0
DA:19,0
DA:20,0
DA:24,0
DA:25,0
DA:29,0
DA:30,0
DA:31,0
DA:35,0
DA:36,0
DA:37,0
DA:41,0
DA:42,0
DA:43,0
DA:47,0
DA:48,0
DA:49,0
DA:53,0
DA:54,0
DA:55,0
DA:59,0
DA:60,0
DA:61,0
DA:65,0
DA:69,0
DA:70,0
DA:74,0
DA:81,0
DA:88,1
LF:33
LH:2
BRDA:65,0,0,0
BRDA:65,0,1,0
BRDA:65,0,2,0
BRF:3
BRH:0
end_of_record
TN:
SF:src\schemas\loginSchema.js
FN:97,validateLoginRequest
FN:106,validateLoginSuccessResponse
FN:115,validateLoginErrorResponse
FN:124,validateLoginRequestHeaders
FN:133,validateLoginResponseHeaders
FNF:5
FNH:0
FNDA:0,validateLoginRequest
FNDA:0,validateLoginSuccessResponse
FNDA:0,validateLoginErrorResponse
FNDA:0,validateLoginRequestHeaders
FNDA:0,validateLoginResponseHeaders
DA:5,1
DA:10,1
DA:32,1
DA:52,1
DA:63,1
DA:75,1
DA:98,0
DA:107,0
DA:116,0
DA:125,0
DA:134,0
DA:137,1
LF:12
LH:7
BRF:0
BRH:0
end_of_record
TN:
SF:src\services\authService.js
FN:10,(anonymous_0)
FN:22,(anonymous_1)
FN:40,(anonymous_2)
FN:58,(anonymous_3)
FN:77,(anonymous_4)
FN:96,(anonymous_5)
FN:115,(anonymous_6)
FN:133,(anonymous_7)
FN:145,(anonymous_8)
FN:159,(anonymous_9)
FNF:10
FNH:1
FNDA:1,(anonymous_0)
FNDA:0,(anonymous_1)
FNDA:0,(anonymous_2)
FNDA:0,(anonymous_3)
FNDA:0,(anonymous_4)
FNDA:0,(anonymous_5)
FNDA:0,(anonymous_6)
FNDA:0,(anonymous_7)
FNDA:0,(anonymous_8)
FNDA:0,(anonymous_9)
DA:5,1
DA:6,1
DA:7,1
DA:11,1
DA:12,1
DA:23,0
DA:24,0
DA:26,0
DA:41,0
DA:42,0
DA:44,0
DA:59,0
DA:60,0
DA:62,0
DA:78,0
DA:79,0
DA:81,0
DA:97,0
DA:98,0
DA:100,0
DA:116,0
DA:117,0
DA:119,0
DA:134,0
DA:135,0
DA:137,0
DA:146,0
DA:147,0
DA:150,0
DA:151,0
DA:160,0
DA:167,1
LF:32
LH:6
BRDA:23,0,0,0
BRDA:23,0,1,0
BRDA:40,1,0,0
BRDA:41,2,0,0
BRDA:41,2,1,0
BRDA:59,3,0,0
BRDA:59,3,1,0
BRDA:78,4,0,0
BRDA:78,4,1,0
BRDA:96,5,0,0
BRDA:97,6,0,0
BRDA:97,6,1,0
BRDA:115,7,0,0
BRDA:116,8,0,0
BRDA:116,8,1,0
BRDA:134,9,0,0
BRDA:134,9,1,0
BRDA:134,10,0,0
BRDA:134,10,1,0
BRDA:134,10,2,0
BRDA:147,11,0,0
BRDA:147,11,1,0
BRF:22
BRH:0
end_of_record
